<?xml version="1.0" encoding="UTF-8" standalone="no"?>
<!DOCTYPE log SYSTEM "logger.dtd">
<log>
<record>
  <date>2019-06-14T16:00:52</date>
  <millis>1560502852432</millis>
  <sequence>0</sequence>
  <level>START</level>
  <class>com.kms.katalon.core.logging.XmlKeywordLogger</class>
  <method>startSuite</method>
  <thread>1</thread>
  <message>Start Test Suite : Test Suites/Get Member Data</message>
  <nestedLevel>0</nestedLevel>
  <property name="name">Get Member Data</property>
  <property name="description"></property>
  <property name="id">Test Suites/Get Member Data</property>
</record>
<record>
  <date>2019-06-14T16:00:52</date>
  <millis>1560502852451</millis>
  <sequence>1</sequence>
  <level>RUN_DATA</level>
  <class>com.kms.katalon.core.logging.XmlKeywordLogger</class>
  <method>logMessage</method>
  <thread>1</thread>
  <message>hostName = nakama - 192.168.224.227</message>
  <nestedLevel>0</nestedLevel>
  <property name="hostName">nakama - 192.168.224.227</property>
</record>
<record>
  <date>2019-06-14T16:00:52</date>
  <millis>1560502852452</millis>
  <sequence>2</sequence>
  <level>RUN_DATA</level>
  <class>com.kms.katalon.core.logging.XmlKeywordLogger</class>
  <method>logMessage</method>
  <thread>1</thread>
  <message>os = Mac OS X 64bit</message>
  <nestedLevel>0</nestedLevel>
  <property name="os">Mac OS X 64bit</property>
</record>
<record>
  <date>2019-06-14T16:00:52</date>
  <millis>1560502852452</millis>
  <sequence>3</sequence>
  <level>RUN_DATA</level>
  <class>com.kms.katalon.core.logging.XmlKeywordLogger</class>
  <method>logMessage</method>
  <thread>1</thread>
  <message>hostAddress = 192.168.224.227</message>
  <nestedLevel>0</nestedLevel>
  <property name="hostAddress">192.168.224.227</property>
</record>
<record>
  <date>2019-06-14T16:00:52</date>
  <millis>1560502852453</millis>
  <sequence>4</sequence>
  <level>RUN_DATA</level>
  <class>com.kms.katalon.core.logging.XmlKeywordLogger</class>
  <method>logMessage</method>
  <thread>1</thread>
  <message>katalonVersion = 6.2.0.1</message>
  <nestedLevel>0</nestedLevel>
  <property name="katalonVersion">6.2.0.1</property>
</record>
<record>
  <date>2019-06-14T16:00:52</date>
  <millis>1560502852776</millis>
  <sequence>5</sequence>
  <level>START</level>
  <class>com.kms.katalon.core.logging.XmlKeywordLogger</class>
  <method>startTest</method>
  <thread>1</thread>
  <message>Start Test Case : Test Cases/API/Get Member Info/Success, given correct ID</message>
  <nestedLevel>1</nestedLevel>
  <property name="name">Test Cases/API/Get Member Info/Success, given correct ID</property>
  <property name="description"></property>
  <property name="id">Test Cases/API/Get Member Info/Success, given correct ID</property>
  <property name="source">\\Users\\nakama\\Katalon Studio\\demo\\Test Cases\\API\\Get Member Info\\Success, given correct ID.tc</property>
  <property name="tag"></property>
  <property name="isOptional">false</property>
</record>
<record>
  <date>2019-06-14T16:00:53</date>
  <millis>1560502853180</millis>
  <sequence>7</sequence>
  <level>START</level>
  <class>com.kms.katalon.core.logging.XmlKeywordLogger</class>
  <method>startKeyword</method>
  <thread>1</thread>
  <message>Start action : response = sendRequest(findTestObject(\&amp;quot;memberinfo\&amp;quot;, [\&amp;quot;memberId\&amp;quot;:1]))</message>
  <nestedLevel>1</nestedLevel>
  <property name="startLine">16</property>
  <property name="stepIndex">1</property>
</record>
<record>
  <date>2019-06-14T16:00:53</date>
  <millis>1560502853732</millis>
  <sequence>11</sequence>
  <level>INFO</level>
  <class>com.kms.katalon.core.logging.XmlKeywordLogger</class>
  <method>logMessage</method>
  <thread>1</thread>
  <message>HAR: /Users/nakama/Katalon Studio/demo/Reports/Get Member Data/20190614_160039/requests/main/0.har</message>
  <nestedLevel>1</nestedLevel>
  <property name="harId">81e26f03-55d6-409b-9998-2118c84ca649</property>
</record>
<record>
  <date>2019-06-14T16:00:53</date>
  <millis>1560502853853</millis>
  <sequence>12</sequence>
  <level>PASSED</level>
  <class>com.kms.katalon.core.logging.XmlKeywordLogger</class>
  <method>logMessage</method>
  <thread>1</thread>
  <message>Send request successfully</message>
  <nestedLevel>1</nestedLevel>
</record>
<record>
  <date>2019-06-14T16:00:53</date>
  <millis>1560502853854</millis>
  <sequence>13</sequence>
  <level>END</level>
  <class>com.kms.katalon.core.logging.XmlKeywordLogger</class>
  <method>endKeyword</method>
  <thread>1</thread>
  <message>End action : response = sendRequest(findTestObject(\&amp;quot;memberinfo\&amp;quot;, [\&amp;quot;memberId\&amp;quot;:1]))</message>
  <nestedLevel>1</nestedLevel>
</record>
<record>
  <date>2019-06-14T16:00:53</date>
  <millis>1560502853854</millis>
  <sequence>14</sequence>
  <level>START</level>
  <class>com.kms.katalon.core.logging.XmlKeywordLogger</class>
  <method>startKeyword</method>
  <thread>1</thread>
  <message>Start action : verifyResponseStatusCode(response, 200)</message>
  <nestedLevel>1</nestedLevel>
  <property name="startLine">18</property>
  <property name="stepIndex">2</property>
</record>
<record>
  <date>2019-06-14T16:00:53</date>
  <millis>1560502853864</millis>
  <sequence>16</sequence>
  <level>PASSED</level>
  <class>com.kms.katalon.core.logging.XmlKeywordLogger</class>
  <method>logMessage</method>
  <thread>1</thread>
  <message>Verify response status code successfully</message>
  <nestedLevel>1</nestedLevel>
</record>
<record>
  <date>2019-06-14T16:00:53</date>
  <millis>1560502853864</millis>
  <sequence>17</sequence>
  <level>END</level>
  <class>com.kms.katalon.core.logging.XmlKeywordLogger</class>
  <method>endKeyword</method>
  <thread>1</thread>
  <message>End action : verifyResponseStatusCode(response, 200)</message>
  <nestedLevel>1</nestedLevel>
</record>
<record>
  <date>2019-06-14T16:00:53</date>
  <millis>1560502853864</millis>
  <sequence>18</sequence>
  <level>PASSED</level>
  <class>com.kms.katalon.core.logging.XmlKeywordLogger</class>
  <method>logMessage</method>
  <thread>1</thread>
  <message>Test Cases/API/Get Member Info/Success, given correct ID</message>
  <nestedLevel>1</nestedLevel>
</record>
<record>
  <date>2019-06-14T16:00:53</date>
  <millis>1560502853865</millis>
  <sequence>19</sequence>
  <level>END</level>
  <class>com.kms.katalon.core.logging.XmlKeywordLogger</class>
  <method>endTest</method>
  <thread>1</thread>
  <message>End Test Case : Test Cases/API/Get Member Info/Success, given correct ID</message>
  <nestedLevel>0</nestedLevel>
</record>
<record>
  <date>2019-06-14T16:00:53</date>
  <millis>1560502853868</millis>
  <sequence>20</sequence>
  <level>START</level>
  <class>com.kms.katalon.core.logging.XmlKeywordLogger</class>
  <method>startTest</method>
  <thread>1</thread>
  <message>Start Test Case : Test Cases/API/Get Member Info/Fail, ID not given</message>
  <nestedLevel>1</nestedLevel>
  <property name="name">Test Cases/API/Get Member Info/Fail, ID not given</property>
  <property name="description"></property>
  <property name="id">Test Cases/API/Get Member Info/Fail, ID not given</property>
  <property name="source">\\Users\\nakama\\Katalon Studio\\demo\\Test Cases\\API\\Get Member Info\\Fail, ID not given.tc</property>
  <property name="tag"></property>
  <property name="isOptional">false</property>
</record>
<record>
  <date>2019-06-14T16:00:54</date>
  <millis>1560502854053</millis>
  <sequence>22</sequence>
  <level>START</level>
  <class>com.kms.katalon.core.logging.XmlKeywordLogger</class>
  <method>startKeyword</method>
  <thread>1</thread>
  <message>Start action : response = sendRequest(findTestObject(\&amp;quot;memberinfo\&amp;quot;, [\&amp;quot;memberId\&amp;quot;:\&amp;quot;\&amp;quot;]))</message>
  <nestedLevel>1</nestedLevel>
  <property name="startLine">16</property>
  <property name="stepIndex">1</property>
</record>
<record>
  <date>2019-06-14T16:00:54</date>
  <millis>1560502854100</millis>
  <sequence>26</sequence>
  <level>INFO</level>
  <class>com.kms.katalon.core.logging.XmlKeywordLogger</class>
  <method>logMessage</method>
  <thread>1</thread>
  <message>HAR: /Users/nakama/Katalon Studio/demo/Reports/Get Member Data/20190614_160039/requests/main/1.har</message>
  <nestedLevel>1</nestedLevel>
  <property name="harId">9031f01d-5ab5-4fb0-82d7-4c2de32c2775</property>
</record>
<record>
  <date>2019-06-14T16:00:54</date>
  <millis>1560502854102</millis>
  <sequence>27</sequence>
  <level>PASSED</level>
  <class>com.kms.katalon.core.logging.XmlKeywordLogger</class>
  <method>logMessage</method>
  <thread>1</thread>
  <message>Send request successfully</message>
  <nestedLevel>1</nestedLevel>
</record>
<record>
  <date>2019-06-14T16:00:54</date>
  <millis>1560502854103</millis>
  <sequence>28</sequence>
  <level>END</level>
  <class>com.kms.katalon.core.logging.XmlKeywordLogger</class>
  <method>endKeyword</method>
  <thread>1</thread>
  <message>End action : response = sendRequest(findTestObject(\&amp;quot;memberinfo\&amp;quot;, [\&amp;quot;memberId\&amp;quot;:\&amp;quot;\&amp;quot;]))</message>
  <nestedLevel>1</nestedLevel>
</record>
<record>
  <date>2019-06-14T16:00:54</date>
  <millis>1560502854103</millis>
  <sequence>29</sequence>
  <level>START</level>
  <class>com.kms.katalon.core.logging.XmlKeywordLogger</class>
  <method>startKeyword</method>
  <thread>1</thread>
  <message>Start action : verifyResponseStatusCode(response, 404)</message>
  <nestedLevel>1</nestedLevel>
  <property name="startLine">18</property>
  <property name="stepIndex">2</property>
</record>
<record>
  <date>2019-06-14T16:00:54</date>
  <millis>1560502854106</millis>
  <sequence>31</sequence>
  <level>PASSED</level>
  <class>com.kms.katalon.core.logging.XmlKeywordLogger</class>
  <method>logMessage</method>
  <thread>1</thread>
  <message>Verify response status code successfully</message>
  <nestedLevel>1</nestedLevel>
</record>
<record>
  <date>2019-06-14T16:00:54</date>
  <millis>1560502854111</millis>
  <sequence>32</sequence>
  <level>END</level>
  <class>com.kms.katalon.core.logging.XmlKeywordLogger</class>
  <method>endKeyword</method>
  <thread>1</thread>
  <message>End action : verifyResponseStatusCode(response, 404)</message>
  <nestedLevel>1</nestedLevel>
</record>
<record>
  <date>2019-06-14T16:00:54</date>
  <millis>1560502854111</millis>
  <sequence>33</sequence>
  <level>PASSED</level>
  <class>com.kms.katalon.core.logging.XmlKeywordLogger</class>
  <method>logMessage</method>
  <thread>1</thread>
  <message>Test Cases/API/Get Member Info/Fail, ID not given</message>
  <nestedLevel>1</nestedLevel>
</record>
<record>
  <date>2019-06-14T16:00:54</date>
  <millis>1560502854112</millis>
  <sequence>34</sequence>
  <level>END</level>
  <class>com.kms.katalon.core.logging.XmlKeywordLogger</class>
  <method>endTest</method>
  <thread>1</thread>
  <message>End Test Case : Test Cases/API/Get Member Info/Fail, ID not given</message>
  <nestedLevel>0</nestedLevel>
</record>
<record>
  <date>2019-06-14T16:00:54</date>
  <millis>1560502854116</millis>
  <sequence>35</sequence>
  <level>START</level>
  <class>com.kms.katalon.core.logging.XmlKeywordLogger</class>
  <method>startTest</method>
  <thread>1</thread>
  <message>Start Test Case : Test Cases/API/Get Member Info/Fail, given wrong ID</message>
  <nestedLevel>1</nestedLevel>
  <property name="name">Test Cases/API/Get Member Info/Fail, given wrong ID</property>
  <property name="description"></property>
  <property name="id">Test Cases/API/Get Member Info/Fail, given wrong ID</property>
  <property name="source">\\Users\\nakama\\Katalon Studio\\demo\\Test Cases\\API\\Get Member Info\\Fail, given wrong ID.tc</property>
  <property name="tag"></property>
  <property name="isOptional">false</property>
</record>
<record>
  <date>2019-06-14T16:00:54</date>
  <millis>1560502854345</millis>
  <sequence>37</sequence>
  <level>START</level>
  <class>com.kms.katalon.core.logging.XmlKeywordLogger</class>
  <method>startKeyword</method>
  <thread>1</thread>
  <message>Start action : response = sendRequest(findTestObject(\&amp;quot;memberinfo\&amp;quot;, [\&amp;quot;memberId\&amp;quot;:100]))</message>
  <nestedLevel>1</nestedLevel>
  <property name="startLine">16</property>
  <property name="stepIndex">1</property>
</record>
<record>
  <date>2019-06-14T16:00:54</date>
  <millis>1560502854421</millis>
  <sequence>41</sequence>
  <level>INFO</level>
  <class>com.kms.katalon.core.logging.XmlKeywordLogger</class>
  <method>logMessage</method>
  <thread>1</thread>
  <message>HAR: /Users/nakama/Katalon Studio/demo/Reports/Get Member Data/20190614_160039/requests/main/2.har</message>
  <nestedLevel>1</nestedLevel>
  <property name="harId">12b14e0e-0086-4524-af77-abe7d9e204cb</property>
</record>
<record>
  <date>2019-06-14T16:00:54</date>
  <millis>1560502854422</millis>
  <sequence>42</sequence>
  <level>PASSED</level>
  <class>com.kms.katalon.core.logging.XmlKeywordLogger</class>
  <method>logMessage</method>
  <thread>1</thread>
  <message>Send request successfully</message>
  <nestedLevel>1</nestedLevel>
</record>
<record>
  <date>2019-06-14T16:00:54</date>
  <millis>1560502854422</millis>
  <sequence>43</sequence>
  <level>END</level>
  <class>com.kms.katalon.core.logging.XmlKeywordLogger</class>
  <method>endKeyword</method>
  <thread>1</thread>
  <message>End action : response = sendRequest(findTestObject(\&amp;quot;memberinfo\&amp;quot;, [\&amp;quot;memberId\&amp;quot;:100]))</message>
  <nestedLevel>1</nestedLevel>
</record>
<record>
  <date>2019-06-14T16:00:54</date>
  <millis>1560502854423</millis>
  <sequence>44</sequence>
  <level>START</level>
  <class>com.kms.katalon.core.logging.XmlKeywordLogger</class>
  <method>startKeyword</method>
  <thread>1</thread>
  <message>Start action : verifyResponseStatusCode(response, 500)</message>
  <nestedLevel>1</nestedLevel>
  <property name="startLine">18</property>
  <property name="stepIndex">2</property>
</record>
<record>
  <date>2019-06-14T16:00:54</date>
  <millis>1560502854424</millis>
  <sequence>46</sequence>
  <level>PASSED</level>
  <class>com.kms.katalon.core.logging.XmlKeywordLogger</class>
  <method>logMessage</method>
  <thread>1</thread>
  <message>Verify response status code successfully</message>
  <nestedLevel>1</nestedLevel>
</record>
<record>
  <date>2019-06-14T16:00:54</date>
  <millis>1560502854425</millis>
  <sequence>47</sequence>
  <level>END</level>
  <class>com.kms.katalon.core.logging.XmlKeywordLogger</class>
  <method>endKeyword</method>
  <thread>1</thread>
  <message>End action : verifyResponseStatusCode(response, 500)</message>
  <nestedLevel>1</nestedLevel>
</record>
<record>
  <date>2019-06-14T16:00:54</date>
  <millis>1560502854426</millis>
  <sequence>48</sequence>
  <level>PASSED</level>
  <class>com.kms.katalon.core.logging.XmlKeywordLogger</class>
  <method>logMessage</method>
  <thread>1</thread>
  <message>Test Cases/API/Get Member Info/Fail, given wrong ID</message>
  <nestedLevel>1</nestedLevel>
</record>
<record>
  <date>2019-06-14T16:00:54</date>
  <millis>1560502854426</millis>
  <sequence>49</sequence>
  <level>END</level>
  <class>com.kms.katalon.core.logging.XmlKeywordLogger</class>
  <method>endTest</method>
  <thread>1</thread>
  <message>End Test Case : Test Cases/API/Get Member Info/Fail, given wrong ID</message>
  <nestedLevel>0</nestedLevel>
</record>
<record>
  <date>2019-06-14T16:00:54</date>
  <millis>1560502854471</millis>
  <sequence>50</sequence>
  <level>END</level>
  <class>com.kms.katalon.core.logging.XmlKeywordLogger</class>
  <method>endSuite</method>
  <thread>1</thread>
  <message>End Test Suite : Test Suites/Get Member Data</message>
  <nestedLevel>0</nestedLevel>
</record>
</log>
