<?xml version="1.0" encoding="UTF-8" standalone="no"?>
<!DOCTYPE log SYSTEM "logger.dtd">
<log>
<record>
  <date>2019-06-14T16:00:13</date>
  <millis>1560502813357</millis>
  <sequence>0</sequence>
  <level>START</level>
  <class>com.kms.katalon.core.logging.XmlKeywordLogger</class>
  <method>startSuite</method>
  <thread>1</thread>
  <message>Start Test Suite : Test Suites/Get Member Data</message>
  <nestedLevel>0</nestedLevel>
  <property name="name">Get Member Data</property>
  <property name="description"></property>
  <property name="id">Test Suites/Get Member Data</property>
</record>
<record>
  <date>2019-06-14T16:00:13</date>
  <millis>1560502813377</millis>
  <sequence>1</sequence>
  <level>RUN_DATA</level>
  <class>com.kms.katalon.core.logging.XmlKeywordLogger</class>
  <method>logMessage</method>
  <thread>1</thread>
  <message>hostName = nakama - 192.168.224.227</message>
  <nestedLevel>0</nestedLevel>
  <property name="hostName">nakama - 192.168.224.227</property>
</record>
<record>
  <date>2019-06-14T16:00:13</date>
  <millis>1560502813377</millis>
  <sequence>2</sequence>
  <level>RUN_DATA</level>
  <class>com.kms.katalon.core.logging.XmlKeywordLogger</class>
  <method>logMessage</method>
  <thread>1</thread>
  <message>os = Mac OS X 64bit</message>
  <nestedLevel>0</nestedLevel>
  <property name="os">Mac OS X 64bit</property>
</record>
<record>
  <date>2019-06-14T16:00:13</date>
  <millis>1560502813378</millis>
  <sequence>3</sequence>
  <level>RUN_DATA</level>
  <class>com.kms.katalon.core.logging.XmlKeywordLogger</class>
  <method>logMessage</method>
  <thread>1</thread>
  <message>hostAddress = 192.168.224.227</message>
  <nestedLevel>0</nestedLevel>
  <property name="hostAddress">192.168.224.227</property>
</record>
<record>
  <date>2019-06-14T16:00:13</date>
  <millis>1560502813379</millis>
  <sequence>4</sequence>
  <level>RUN_DATA</level>
  <class>com.kms.katalon.core.logging.XmlKeywordLogger</class>
  <method>logMessage</method>
  <thread>1</thread>
  <message>katalonVersion = 6.2.0.1</message>
  <nestedLevel>0</nestedLevel>
  <property name="katalonVersion">6.2.0.1</property>
</record>
<record>
  <date>2019-06-14T16:00:13</date>
  <millis>1560502813685</millis>
  <sequence>5</sequence>
  <level>START</level>
  <class>com.kms.katalon.core.logging.XmlKeywordLogger</class>
  <method>startTest</method>
  <thread>1</thread>
  <message>Start Test Case : Test Cases/API/Get Member Info/Success, given correct ID</message>
  <nestedLevel>1</nestedLevel>
  <property name="name">Test Cases/API/Get Member Info/Success, given correct ID</property>
  <property name="description"></property>
  <property name="id">Test Cases/API/Get Member Info/Success, given correct ID</property>
  <property name="source">\\Users\\nakama\\Katalon Studio\\demo\\Test Cases\\API\\Get Member Info\\Success, given correct ID.tc</property>
  <property name="tag"></property>
  <property name="isOptional">false</property>
</record>
<record>
  <date>2019-06-14T16:00:14</date>
  <millis>1560502814175</millis>
  <sequence>7</sequence>
  <level>START</level>
  <class>com.kms.katalon.core.logging.XmlKeywordLogger</class>
  <method>startKeyword</method>
  <thread>1</thread>
  <message>Start action : response = sendRequest(findTestObject(\&amp;quot;memberinfo\&amp;quot;, [\&amp;quot;memberId\&amp;quot;:1]))</message>
  <nestedLevel>1</nestedLevel>
  <property name="startLine">16</property>
  <property name="stepIndex">1</property>
</record>
<record>
  <date>2019-06-14T16:00:14</date>
  <millis>1560502814799</millis>
  <sequence>11</sequence>
  <level>INFO</level>
  <class>com.kms.katalon.core.logging.XmlKeywordLogger</class>
  <method>logMessage</method>
  <thread>1</thread>
  <message>HAR: /Users/nakama/Katalon Studio/demo/Reports/Get Member Data/20190614_160000/requests/main/0.har</message>
  <nestedLevel>1</nestedLevel>
  <property name="harId">cdfd1089-0300-4bba-ad89-848ba01204ff</property>
</record>
<record>
  <date>2019-06-14T16:00:14</date>
  <millis>1560502814959</millis>
  <sequence>12</sequence>
  <level>PASSED</level>
  <class>com.kms.katalon.core.logging.XmlKeywordLogger</class>
  <method>logMessage</method>
  <thread>1</thread>
  <message>Send request successfully</message>
  <nestedLevel>1</nestedLevel>
</record>
<record>
  <date>2019-06-14T16:00:14</date>
  <millis>1560502814963</millis>
  <sequence>13</sequence>
  <level>END</level>
  <class>com.kms.katalon.core.logging.XmlKeywordLogger</class>
  <method>endKeyword</method>
  <thread>1</thread>
  <message>End action : response = sendRequest(findTestObject(\&amp;quot;memberinfo\&amp;quot;, [\&amp;quot;memberId\&amp;quot;:1]))</message>
  <nestedLevel>1</nestedLevel>
</record>
<record>
  <date>2019-06-14T16:00:14</date>
  <millis>1560502814963</millis>
  <sequence>14</sequence>
  <level>START</level>
  <class>com.kms.katalon.core.logging.XmlKeywordLogger</class>
  <method>startKeyword</method>
  <thread>1</thread>
  <message>Start action : verifyResponseStatusCode(response, 200)</message>
  <nestedLevel>1</nestedLevel>
  <property name="startLine">18</property>
  <property name="stepIndex">2</property>
</record>
<record>
  <date>2019-06-14T16:00:14</date>
  <millis>1560502814986</millis>
  <sequence>16</sequence>
  <level>PASSED</level>
  <class>com.kms.katalon.core.logging.XmlKeywordLogger</class>
  <method>logMessage</method>
  <thread>1</thread>
  <message>Verify response status code successfully</message>
  <nestedLevel>1</nestedLevel>
</record>
<record>
  <date>2019-06-14T16:00:14</date>
  <millis>1560502814986</millis>
  <sequence>17</sequence>
  <level>END</level>
  <class>com.kms.katalon.core.logging.XmlKeywordLogger</class>
  <method>endKeyword</method>
  <thread>1</thread>
  <message>End action : verifyResponseStatusCode(response, 200)</message>
  <nestedLevel>1</nestedLevel>
</record>
<record>
  <date>2019-06-14T16:00:14</date>
  <millis>1560502814986</millis>
  <sequence>18</sequence>
  <level>PASSED</level>
  <class>com.kms.katalon.core.logging.XmlKeywordLogger</class>
  <method>logMessage</method>
  <thread>1</thread>
  <message>Test Cases/API/Get Member Info/Success, given correct ID</message>
  <nestedLevel>1</nestedLevel>
</record>
<record>
  <date>2019-06-14T16:00:15</date>
  <millis>1560502815008</millis>
  <sequence>19</sequence>
  <level>END</level>
  <class>com.kms.katalon.core.logging.XmlKeywordLogger</class>
  <method>endTest</method>
  <thread>1</thread>
  <message>End Test Case : Test Cases/API/Get Member Info/Success, given correct ID</message>
  <nestedLevel>0</nestedLevel>
</record>
<record>
  <date>2019-06-14T16:00:15</date>
  <millis>1560502815013</millis>
  <sequence>20</sequence>
  <level>START</level>
  <class>com.kms.katalon.core.logging.XmlKeywordLogger</class>
  <method>startTest</method>
  <thread>1</thread>
  <message>Start Test Case : Test Cases/API/Get Member Info/Fail, ID not given</message>
  <nestedLevel>1</nestedLevel>
  <property name="name">Test Cases/API/Get Member Info/Fail, ID not given</property>
  <property name="description"></property>
  <property name="id">Test Cases/API/Get Member Info/Fail, ID not given</property>
  <property name="source">\\Users\\nakama\\Katalon Studio\\demo\\Test Cases\\API\\Get Member Info\\Fail, ID not given.tc</property>
  <property name="tag"></property>
  <property name="isOptional">false</property>
</record>
<record>
  <date>2019-06-14T16:00:15</date>
  <millis>1560502815178</millis>
  <sequence>22</sequence>
  <level>START</level>
  <class>com.kms.katalon.core.logging.XmlKeywordLogger</class>
  <method>startKeyword</method>
  <thread>1</thread>
  <message>Start action : response = sendRequest(findTestObject(\&amp;quot;memberinfo\&amp;quot;, [\&amp;quot;memberId\&amp;quot;:\&amp;quot;\&amp;quot;]))</message>
  <nestedLevel>1</nestedLevel>
  <property name="startLine">16</property>
  <property name="stepIndex">1</property>
</record>
<record>
  <date>2019-06-14T16:00:15</date>
  <millis>1560502815230</millis>
  <sequence>26</sequence>
  <level>INFO</level>
  <class>com.kms.katalon.core.logging.XmlKeywordLogger</class>
  <method>logMessage</method>
  <thread>1</thread>
  <message>HAR: /Users/nakama/Katalon Studio/demo/Reports/Get Member Data/20190614_160000/requests/main/1.har</message>
  <nestedLevel>1</nestedLevel>
  <property name="harId">339f7d7b-2891-4d6a-be16-69f366697d01</property>
</record>
<record>
  <date>2019-06-14T16:00:15</date>
  <millis>1560502815231</millis>
  <sequence>27</sequence>
  <level>PASSED</level>
  <class>com.kms.katalon.core.logging.XmlKeywordLogger</class>
  <method>logMessage</method>
  <thread>1</thread>
  <message>Send request successfully</message>
  <nestedLevel>1</nestedLevel>
</record>
<record>
  <date>2019-06-14T16:00:15</date>
  <millis>1560502815232</millis>
  <sequence>28</sequence>
  <level>END</level>
  <class>com.kms.katalon.core.logging.XmlKeywordLogger</class>
  <method>endKeyword</method>
  <thread>1</thread>
  <message>End action : response = sendRequest(findTestObject(\&amp;quot;memberinfo\&amp;quot;, [\&amp;quot;memberId\&amp;quot;:\&amp;quot;\&amp;quot;]))</message>
  <nestedLevel>1</nestedLevel>
</record>
<record>
  <date>2019-06-14T16:00:15</date>
  <millis>1560502815232</millis>
  <sequence>29</sequence>
  <level>START</level>
  <class>com.kms.katalon.core.logging.XmlKeywordLogger</class>
  <method>startKeyword</method>
  <thread>1</thread>
  <message>Start action : verifyResponseStatusCode(response, 404)</message>
  <nestedLevel>1</nestedLevel>
  <property name="startLine">18</property>
  <property name="stepIndex">2</property>
</record>
<record>
  <date>2019-06-14T16:00:15</date>
  <millis>1560502815234</millis>
  <sequence>31</sequence>
  <level>PASSED</level>
  <class>com.kms.katalon.core.logging.XmlKeywordLogger</class>
  <method>logMessage</method>
  <thread>1</thread>
  <message>Verify response status code successfully</message>
  <nestedLevel>1</nestedLevel>
</record>
<record>
  <date>2019-06-14T16:00:15</date>
  <millis>1560502815235</millis>
  <sequence>32</sequence>
  <level>END</level>
  <class>com.kms.katalon.core.logging.XmlKeywordLogger</class>
  <method>endKeyword</method>
  <thread>1</thread>
  <message>End action : verifyResponseStatusCode(response, 404)</message>
  <nestedLevel>1</nestedLevel>
</record>
<record>
  <date>2019-06-14T16:00:15</date>
  <millis>1560502815235</millis>
  <sequence>33</sequence>
  <level>PASSED</level>
  <class>com.kms.katalon.core.logging.XmlKeywordLogger</class>
  <method>logMessage</method>
  <thread>1</thread>
  <message>Test Cases/API/Get Member Info/Fail, ID not given</message>
  <nestedLevel>1</nestedLevel>
</record>
<record>
  <date>2019-06-14T16:00:15</date>
  <millis>1560502815235</millis>
  <sequence>34</sequence>
  <level>END</level>
  <class>com.kms.katalon.core.logging.XmlKeywordLogger</class>
  <method>endTest</method>
  <thread>1</thread>
  <message>End Test Case : Test Cases/API/Get Member Info/Fail, ID not given</message>
  <nestedLevel>0</nestedLevel>
</record>
<record>
  <date>2019-06-14T16:00:15</date>
  <millis>1560502815238</millis>
  <sequence>35</sequence>
  <level>START</level>
  <class>com.kms.katalon.core.logging.XmlKeywordLogger</class>
  <method>startTest</method>
  <thread>1</thread>
  <message>Start Test Case : Test Cases/API/Get Member Info/Fail, given wrong ID</message>
  <nestedLevel>1</nestedLevel>
  <property name="name">Test Cases/API/Get Member Info/Fail, given wrong ID</property>
  <property name="description"></property>
  <property name="id">Test Cases/API/Get Member Info/Fail, given wrong ID</property>
  <property name="source">\\Users\\nakama\\Katalon Studio\\demo\\Test Cases\\API\\Get Member Info\\Fail, given wrong ID.tc</property>
  <property name="tag"></property>
  <property name="isOptional">false</property>
</record>
<record>
  <date>2019-06-14T16:00:15</date>
  <millis>1560502815448</millis>
  <sequence>37</sequence>
  <level>START</level>
  <class>com.kms.katalon.core.logging.XmlKeywordLogger</class>
  <method>startKeyword</method>
  <thread>1</thread>
  <message>Start action : response = sendRequest(findTestObject(\&amp;quot;memberinfo\&amp;quot;, [\&amp;quot;memberId\&amp;quot;:100]))</message>
  <nestedLevel>1</nestedLevel>
  <property name="startLine">16</property>
  <property name="stepIndex">1</property>
</record>
<record>
  <date>2019-06-14T16:00:15</date>
  <millis>1560502815502</millis>
  <sequence>41</sequence>
  <level>INFO</level>
  <class>com.kms.katalon.core.logging.XmlKeywordLogger</class>
  <method>logMessage</method>
  <thread>1</thread>
  <message>HAR: /Users/nakama/Katalon Studio/demo/Reports/Get Member Data/20190614_160000/requests/main/2.har</message>
  <nestedLevel>1</nestedLevel>
  <property name="harId">08e9f6ef-b1f8-4a25-b739-f88fec12c8ef</property>
</record>
<record>
  <date>2019-06-14T16:00:15</date>
  <millis>1560502815505</millis>
  <sequence>42</sequence>
  <level>PASSED</level>
  <class>com.kms.katalon.core.logging.XmlKeywordLogger</class>
  <method>logMessage</method>
  <thread>1</thread>
  <message>Send request successfully</message>
  <nestedLevel>1</nestedLevel>
</record>
<record>
  <date>2019-06-14T16:00:15</date>
  <millis>1560502815506</millis>
  <sequence>43</sequence>
  <level>END</level>
  <class>com.kms.katalon.core.logging.XmlKeywordLogger</class>
  <method>endKeyword</method>
  <thread>1</thread>
  <message>End action : response = sendRequest(findTestObject(\&amp;quot;memberinfo\&amp;quot;, [\&amp;quot;memberId\&amp;quot;:100]))</message>
  <nestedLevel>1</nestedLevel>
</record>
<record>
  <date>2019-06-14T16:00:15</date>
  <millis>1560502815507</millis>
  <sequence>44</sequence>
  <level>START</level>
  <class>com.kms.katalon.core.logging.XmlKeywordLogger</class>
  <method>startKeyword</method>
  <thread>1</thread>
  <message>Start action : verifyResponseStatusCode(response, 500)</message>
  <nestedLevel>1</nestedLevel>
  <property name="startLine">18</property>
  <property name="stepIndex">2</property>
</record>
<record>
  <date>2019-06-14T16:00:15</date>
  <millis>1560502815509</millis>
  <sequence>46</sequence>
  <level>PASSED</level>
  <class>com.kms.katalon.core.logging.XmlKeywordLogger</class>
  <method>logMessage</method>
  <thread>1</thread>
  <message>Verify response status code successfully</message>
  <nestedLevel>1</nestedLevel>
</record>
<record>
  <date>2019-06-14T16:00:15</date>
  <millis>1560502815509</millis>
  <sequence>47</sequence>
  <level>END</level>
  <class>com.kms.katalon.core.logging.XmlKeywordLogger</class>
  <method>endKeyword</method>
  <thread>1</thread>
  <message>End action : verifyResponseStatusCode(response, 500)</message>
  <nestedLevel>1</nestedLevel>
</record>
<record>
  <date>2019-06-14T16:00:15</date>
  <millis>1560502815510</millis>
  <sequence>48</sequence>
  <level>PASSED</level>
  <class>com.kms.katalon.core.logging.XmlKeywordLogger</class>
  <method>logMessage</method>
  <thread>1</thread>
  <message>Test Cases/API/Get Member Info/Fail, given wrong ID</message>
  <nestedLevel>1</nestedLevel>
</record>
<record>
  <date>2019-06-14T16:00:15</date>
  <millis>1560502815510</millis>
  <sequence>49</sequence>
  <level>END</level>
  <class>com.kms.katalon.core.logging.XmlKeywordLogger</class>
  <method>endTest</method>
  <thread>1</thread>
  <message>End Test Case : Test Cases/API/Get Member Info/Fail, given wrong ID</message>
  <nestedLevel>0</nestedLevel>
</record>
<record>
  <date>2019-06-14T16:00:15</date>
  <millis>1560502815597</millis>
  <sequence>50</sequence>
  <level>END</level>
  <class>com.kms.katalon.core.logging.XmlKeywordLogger</class>
  <method>endSuite</method>
  <thread>1</thread>
  <message>End Test Suite : Test Suites/Get Member Data</message>
  <nestedLevel>0</nestedLevel>
</record>
</log>
